<?xml version="1.0" encoding="UTF-8" ?>
<testsuite errors="0" failures="1" hostname="k40in-c" name="com.onb.registrationsystem.TeacherTests" tests="1" time="0.318" timestamp="2012-05-02T06:00:09">
  <properties />
  <testcase classname="com.onb.registrationsystem.TeacherTests" name="testSomething" time="0.11">
    <failure message="java.lang.AssertionError: Implement me" type="junit.framework.AssertionFailedError">junit.framework.AssertionFailedError: java.lang.AssertionError: Implement me
	at com.onb.registrationsystem.TeacherTests.testSomething(TeacherTests.groovy:15)
</failure>
  </testcase>
  <system-out><![CDATA[--Output from testSomething--
]]></system-out>
  <system-err><![CDATA[--Output from testSomething--
]]></system-err>
</testsuite>
