<?xml version="1.0" encoding="UTF-8" ?>
<testsuite errors="0" failures="1" hostname="k40in-c" name="com.onb.registrationsystem.StudentTests" tests="1" time="1.88" timestamp="2012-05-02T06:00:01">
  <properties />
  <testcase classname="com.onb.registrationsystem.StudentTests" name="testSomething" time="1.194">
    <failure message="java.lang.AssertionError: Implement me" type="junit.framework.AssertionFailedError">junit.framework.AssertionFailedError: java.lang.AssertionError: Implement me
	at com.onb.registrationsystem.StudentTests.testSomething(StudentTests.groovy:15)
</failure>
  </testcase>
  <system-out><![CDATA[--Output from testSomething--
]]></system-out>
  <system-err><![CDATA[--Output from testSomething--
]]></system-err>
</testsuite>
