Testsuite: com.onb.registrationsystem.StudentControllerTests
Tests run: 8, Failures: 5, Errors: 0, Time elapsed: 5.579 sec
------------- Standard Output ---------------
--Output from testSave--
--Output from testShow--
--Output from testIndex--
--Output from testList--
--Output from testCreate--
--Output from testEdit--
--Output from testUpdate--
--Output from testDelete--
------------- ---------------- ---------------
------------- Standard Error -----------------
--Output from testSave--
--Output from testShow--
--Output from testIndex--
--Output from testList--
--Output from testCreate--
--Output from testEdit--
--Output from testUpdate--
--Output from testDelete--
------------- ---------------- ---------------

Testcase: testSave took 3.716 sec
	FAILED
Assertion failed: 

assert response.redirectedUrl == '/student/show/1'
       |        |             |
       |        null          false
       org.codehaus.groovy.grails.plugins.testing.GrailsMockHttpServletResponse@2fef8fde

junit.framework.AssertionFailedError: Assertion failed: 

assert response.redirectedUrl == '/student/show/1'
       |        |             |
       |        null          false
       org.codehaus.groovy.grails.plugins.testing.GrailsMockHttpServletResponse@2fef8fde

	at com.onb.registrationsystem.StudentControllerTests.testSave(StudentControllerTests.groovy:54)

Testcase: testShow took 0.832 sec
	FAILED
Assertion failed: 

assert student.save() != null
       |       |      |
       |       null   false
       com.onb.registrationsystem.Student : null

junit.framework.AssertionFailedError: Assertion failed: 

assert student.save() != null
       |       |      |
       |       null   false
       com.onb.registrationsystem.Student : null

	at com.onb.registrationsystem.StudentControllerTests.testShow(StudentControllerTests.groovy:69)

Testcase: testIndex took 0.091 sec
Testcase: testList took 0.196 sec
Testcase: testCreate took 0.097 sec
Testcase: testEdit took 0.196 sec
	FAILED
Assertion failed: 

assert student.save() != null
       |       |      |
       |       null   false
       com.onb.registrationsystem.Student : null

junit.framework.AssertionFailedError: Assertion failed: 

assert student.save() != null
       |       |      |
       |       null   false
       com.onb.registrationsystem.Student : null

	at com.onb.registrationsystem.StudentControllerTests.testEdit(StudentControllerTests.groovy:88)

Testcase: testUpdate took 0.138 sec
	FAILED
Assertion failed: 

assert student.save() != null
       |       |      |
       |       null   false
       com.onb.registrationsystem.Student : null

junit.framework.AssertionFailedError: Assertion failed: 

assert student.save() != null
       |       |      |
       |       null   false
       com.onb.registrationsystem.Student : null

	at com.onb.registrationsystem.StudentControllerTests.testUpdate(StudentControllerTests.groovy:109)

Testcase: testDelete took 0.126 sec
	FAILED
Assertion failed: 

assert student.save() != null
       |       |      |
       |       null   false
       com.onb.registrationsystem.Student : null

junit.framework.AssertionFailedError: Assertion failed: 

assert student.save() != null
       |       |      |
       |       null   false
       com.onb.registrationsystem.Student : null

	at com.onb.registrationsystem.StudentControllerTests.testDelete(StudentControllerTests.groovy:159)

