Testsuite: com.onb.registrationsystem.StudentTests
Tests run: 1, Failures: 1, Errors: 0, Time elapsed: 1.88 sec
------------- Standard Output ---------------
--Output from testSomething--
------------- ---------------- ---------------
------------- Standard Error -----------------
--Output from testSomething--
------------- ---------------- ---------------

Testcase: testSomething took 1.172 sec
	FAILED
java.lang.AssertionError: Implement me
junit.framework.AssertionFailedError: java.lang.AssertionError: Implement me
	at com.onb.registrationsystem.StudentTests.testSomething(StudentTests.groovy:15)

