Testsuite: com.onb.registrationsystem.TeacherTests
Tests run: 1, Failures: 1, Errors: 0, Time elapsed: 0.318 sec
------------- Standard Output ---------------
--Output from testSomething--
------------- ---------------- ---------------
------------- Standard Error -----------------
--Output from testSomething--
------------- ---------------- ---------------

Testcase: testSomething took 0.109 sec
	FAILED
java.lang.AssertionError: Implement me
junit.framework.AssertionFailedError: java.lang.AssertionError: Implement me
	at com.onb.registrationsystem.TeacherTests.testSomething(TeacherTests.groovy:15)

